MobileApp/build/app/intermediates/manifest_merge_blame_file/debug/manifest-merger-blame-debug-report.txt
1<?xml version="1.0" encoding="utf-8"?>
2<manifest xmlns:android="http://schemas.android.com/apk/res/android"
3    package="com.example.mobileapp"
4    android:versionCode="1"
5    android:versionName="1.0.0" >
6
7    <uses-sdk
8        android:minSdkVersion="21"
9        android:targetSdkVersion="33" />
10    <!--
11         The INTERNET permission is required for development. Specifically,
12         the Flutter tool needs it to communicate with the running application
13         to allow setting breakpoints, to provide hot reload, etc.
14    -->
15    <uses-permission android:name="android.permission.INTERNET" />
15-->src\debug\AndroidManifest.xml:6:5-66
15-->src\debug\AndroidManifest.xml:6:22-64
16    <uses-permission android:name="android.permission.CAMERA" />
16-->[:camera_android] AndroidManifest.xml:9:5-65
16-->[:camera_android] AndroidManifest.xml:9:22-62
17    <uses-permission android:name="android.permission.RECORD_AUDIO" />
17-->[:camera_android] AndroidManifest.xml:10:5-71
17-->[:camera_android] AndroidManifest.xml:10:22-68
18    <uses-permission
18-->[:file_picker] AndroidManifest.xml:9:5-11:38
19        android:name="android.permission.READ_EXTERNAL_STORAGE"
19-->[:file_picker] AndroidManifest.xml:10:9-64
20        android:maxSdkVersion="32" />
20-->[:file_picker] AndroidManifest.xml:11:9-35
21
22    <queries>
22-->[:file_picker] AndroidManifest.xml:13:5-19:15
23        <intent>
23-->[:file_picker] AndroidManifest.xml:14:9-18:18
24            <action android:name="android.intent.action.GET_CONTENT" />
24-->[:file_picker] AndroidManifest.xml:15:13-72
24-->[:file_picker] AndroidManifest.xml:15:21-69
25
26            <data android:mimeType="*/*" />
26-->[:file_picker] AndroidManifest.xml:17:13-44
26-->[:file_picker] AndroidManifest.xml:17:19-41
27        </intent>
28    </queries>
29
30    <permission
30-->[androidx.core:core:1.10.1] AndroidManifest.xml:22:5-24:47
31        android:name="com.example.mobileapp.DYNAMIC_RECEIVER_NOT_EXPORTED_PERMISSION"
31-->[androidx.core:core:1.10.1] AndroidManifest.xml:23:9-81
32        android:protectionLevel="signature" />
32-->[androidx.core:core:1.10.1] AndroidManifest.xml:24:9-44
33
34    <uses-permission android:name="com.example.mobileapp.DYNAMIC_RECEIVER_NOT_EXPORTED_PERMISSION" />
34-->[androidx.core:core:1.10.1] AndroidManifest.xml:26:5-97
34-->[androidx.core:core:1.10.1] AndroidManifest.xml:26:22-94
35
36    <application
37        android:name="android.app.Application"
38        android:appComponentFactory="androidx.core.app.CoreComponentFactory"
38-->[androidx.core:core:1.10.1] AndroidManifest.xml:28:18-86
39        android:debuggable="true"
40        android:icon="@mipmap/ic_launcher"
41        android:label="mobileapp" >
42        <activity
43            android:name="com.example.mobileapp.MainActivity"
44            android:configChanges="orientation|keyboardHidden|keyboard|screenSize|smallestScreenSize|locale|layoutDirection|fontScale|screenLayout|density|uiMode"
45            android:exported="true"
46            android:hardwareAccelerated="true"
47            android:launchMode="singleTop"
48            android:theme="@style/LaunchTheme"
49            android:windowSoftInputMode="adjustResize" >
50
51            <!--
52                 Specifies an Android theme to apply to this Activity as soon as
53                 the Android process has started. This theme is visible to the user
54                 while the Flutter UI initializes. After that, this theme continues
55                 to determine the Window background behind the Flutter UI.
56            -->
57            <meta-data
58                android:name="io.flutter.embedding.android.NormalTheme"
59                android:resource="@style/NormalTheme" />
60
61            <intent-filter>
62                <action android:name="android.intent.action.MAIN" />
63
64                <category android:name="android.intent.category.LAUNCHER" />
65            </intent-filter>
66        </activity>
67        <!--
68             Don't delete the meta-data below.
69             This is used by the Flutter tool to generate GeneratedPluginRegistrant.java
70        -->
71        <meta-data
72            android:name="flutterEmbedding"
73            android:value="2" />
74
75        <provider
75-->[:image_picker_android] AndroidManifest.xml:10:9-18:20
76            android:name="io.flutter.plugins.imagepicker.ImagePickerFileProvider"
76-->[:image_picker_android] AndroidManifest.xml:11:13-82
77            android:authorities="com.example.mobileapp.flutter.image_provider"
77-->[:image_picker_android] AndroidManifest.xml:12:13-74
78            android:exported="false"
78-->[:image_picker_android] AndroidManifest.xml:13:13-37
79            android:grantUriPermissions="true" >
79-->[:image_picker_android] AndroidManifest.xml:14:13-47
80            <meta-data
80-->[:image_picker_android] AndroidManifest.xml:15:13-17:75
81                android:name="android.support.FILE_PROVIDER_PATHS"
81-->[:image_picker_android] AndroidManifest.xml:16:17-67
82                android:resource="@xml/flutter_image_picker_file_paths" />
82-->[:image_picker_android] AndroidManifest.xml:17:17-72
83        </provider>
84
85        <uses-library
85-->[androidx.window:window:1.0.0-beta04] AndroidManifest.xml:25:9-27:40
86            android:name="androidx.window.extensions"
86-->[androidx.window:window:1.0.0-beta04] AndroidManifest.xml:26:13-54
87            android:required="false" />
87-->[androidx.window:window:1.0.0-beta04] AndroidManifest.xml:27:13-37
88        <uses-library
88-->[androidx.window:window:1.0.0-beta04] AndroidManifest.xml:28:9-30:40
89            android:name="androidx.window.sidecar"
89-->[androidx.window:window:1.0.0-beta04] AndroidManifest.xml:29:13-51
90            android:required="false" />
90-->[androidx.window:window:1.0.0-beta04] AndroidManifest.xml:30:13-37
91
92        <provider
92-->[androidx.profileinstaller:profileinstaller:1.3.0] AndroidManifest.xml:24:9-32:20
93            android:name="androidx.startup.InitializationProvider"
93-->[androidx.profileinstaller:profileinstaller:1.3.0] AndroidManifest.xml:25:13-67
94            android:authorities="com.example.mobileapp.androidx-startup"
94-->[androidx.profileinstaller:profileinstaller:1.3.0] AndroidManifest.xml:26:13-68
95            android:exported="false" >
95-->[androidx.profileinstaller:profileinstaller:1.3.0] AndroidManifest.xml:27:13-37
96            <meta-data
96-->[androidx.profileinstaller:profileinstaller:1.3.0] AndroidManifest.xml:29:13-31:52
97                android:name="androidx.profileinstaller.ProfileInstallerInitializer"
97-->[androidx.profileinstaller:profileinstaller:1.3.0] AndroidManifest.xml:30:17-85
98                android:value="androidx.startup" />
98-->[androidx.profileinstaller:profileinstaller:1.3.0] AndroidManifest.xml:31:17-49
99        </provider>
100
101        <receiver
101-->[androidx.profileinstaller:profileinstaller:1.3.0] AndroidManifest.xml:34:9-52:20
102            android:name="androidx.profileinstaller.ProfileInstallReceiver"
102-->[androidx.profileinstaller:profileinstaller:1.3.0] AndroidManifest.xml:35:13-76
103            android:directBootAware="false"
103-->[androidx.profileinstaller:profileinstaller:1.3.0] AndroidManifest.xml:36:13-44
104            android:enabled="true"
104-->[androidx.profileinstaller:profileinstaller:1.3.0] AndroidManifest.xml:37:13-35
105            android:exported="true"
105-->[androidx.profileinstaller:profileinstaller:1.3.0] AndroidManifest.xml:38:13-36
106            android:permission="android.permission.DUMP" >
106-->[androidx.profileinstaller:profileinstaller:1.3.0] AndroidManifest.xml:39:13-57
107            <intent-filter>
107-->[androidx.profileinstaller:profileinstaller:1.3.0] AndroidManifest.xml:40:13-42:29
108                <action android:name="androidx.profileinstaller.action.INSTALL_PROFILE" />
108-->[androidx.profileinstaller:profileinstaller:1.3.0] AndroidManifest.xml:41:17-91
108-->[androidx.profileinstaller:profileinstaller:1.3.0] AndroidManifest.xml:41:25-88
109            </intent-filter>
110            <intent-filter>
110-->[androidx.profileinstaller:profileinstaller:1.3.0] AndroidManifest.xml:43:13-45:29
111                <action android:name="androidx.profileinstaller.action.SKIP_FILE" />
111-->[androidx.profileinstaller:profileinstaller:1.3.0] AndroidManifest.xml:44:17-85
111-->[androidx.profileinstaller:profileinstaller:1.3.0] AndroidManifest.xml:44:25-82
112            </intent-filter>
113            <intent-filter>
113-->[androidx.profileinstaller:profileinstaller:1.3.0] AndroidManifest.xml:46:13-48:29
114                <action android:name="androidx.profileinstaller.action.SAVE_PROFILE" />
114-->[androidx.profileinstaller:profileinstaller:1.3.0] AndroidManifest.xml:47:17-88
114-->[androidx.profileinstaller:profileinstaller:1.3.0] AndroidManifest.xml:47:25-85
115            </intent-filter>
116            <intent-filter>
116-->[androidx.profileinstaller:profileinstaller:1.3.0] AndroidManifest.xml:49:13-51:29
117                <action android:name="androidx.profileinstaller.action.BENCHMARK_OPERATION" />
117-->[androidx.profileinstaller:profileinstaller:1.3.0] AndroidManifest.xml:50:17-95
117-->[androidx.profileinstaller:profileinstaller:1.3.0] AndroidManifest.xml:50:25-92
118            </intent-filter>
119        </receiver>
120    </application>
121
122</manifest>